<?xml version="1.0" encoding="UTF-8"?>
<!-- Generated by org.testng.reporters.JUnitXMLReporter -->
<testsuite ignored="1" hostname="chethan" failures="0" tests="1" name="Default test" time="9.32" errors="0" timestamp="2025-05-25T08:45:22 IST">
  <testcase classname="com.automation.tests.LoginTest" name="getAllPrices" time="6.678"/>
  <testcase classname="com.automation.tests.LoginTest" name="testLogin" time="0.0">
    <ignored/>
  </testcase> <!-- testLogin -->
</testsuite> <!-- Default test -->
