<?xml version="1.0" encoding="UTF-8"?>
<!-- Generated by org.testng.reporters.JUnitXMLReporter -->
<testsuite ignored="5" hostname="chethan" failures="0" tests="1" name="Default test" time="11.805" errors="0" timestamp="2025-04-13T19:21:53 IST">
  <testcase classname="com.orangehrm.test.LoginTest" name="testInvalidUsername" time="7.135"/>
  <testcase classname="com.orangehrm.test.LoginTest" name="testInvalidPassword" time="0.0">
    <ignored/>
  </testcase> <!-- testInvalidPassword -->
  <testcase classname="com.orangehrm.test.LoginTest" name="testEmptyUsername" time="0.0">
    <ignored/>
  </testcase> <!-- testEmptyUsername -->
  <testcase classname="com.orangehrm.test.LoginTest" name="testValidLogin" time="0.0">
    <ignored/>
  </testcase> <!-- testValidLogin -->
  <testcase classname="com.orangehrm.test.LoginTest" name="testEmptyPasswordField" time="0.0">
    <ignored/>
  </testcase> <!-- testEmptyPasswordField -->
  <testcase classname="com.orangehrm.test.LoginTest" name="testEmptyCredentials" time="0.0">
    <ignored/>
  </testcase> <!-- testEmptyCredentials -->
</testsuite> <!-- Default test -->
