<?xml version="1.0" encoding="UTF-8"?>
<!-- Generated by org.testng.reporters.JUnitXMLReporter -->
<testsuite ignored="0" hostname="chethan" failures="0" tests="6" name="Chrome Test" time="67.406" errors="0" timestamp="2025-04-13T19:29:58 IST">
  <testcase classname="com.orangehrm.test.LoginTest" name="testValidLogin" time="17.103"/>
  <testcase classname="com.orangehrm.test.LoginTest" name="testInvalidPassword" time="16.879"/>
  <testcase classname="com.orangehrm.test.LoginTest" name="testInvalidUsername" time="6.756"/>
  <testcase classname="com.orangehrm.test.LoginTest" name="testEmptyPasswordField" time="4.622"/>
  <testcase classname="com.orangehrm.test.LoginTest" name="testEmptyUsername" time="4.826"/>
  <testcase classname="com.orangehrm.test.LoginTest" name="testEmptyCredentials" time="4.246"/>
</testsuite> <!-- Chrome Test -->
