<?xml version="1.0" encoding="UTF-8"?>
<!-- Generated by org.testng.reporters.JUnitXMLReporter -->
<testsuite ignored="0" hostname="INLEN8520082468" failures="0" tests="6" name="Edge test" time="68.756" errors="0" timestamp="2025-04-24T15:17:23 IST">
  <testcase classname="com.orangehrm.test.LoginTest" name="testValidLogin" time="9.153"/>
  <testcase classname="com.orangehrm.test.LoginTest" name="testInvalidPassword" time="7.304"/>
  <testcase classname="com.orangehrm.test.LoginTest" name="testInvalidUsername" time="6.029"/>
  <testcase classname="com.orangehrm.test.LoginTest" name="testEmptyPasswordField" time="5.855"/>
  <testcase classname="com.orangehrm.test.LoginTest" name="testEmptyUsername" time="4.24"/>
  <testcase classname="com.orangehrm.test.LoginTest" name="testEmptyCredentials" time="4.427"/>
</testsuite> <!-- Edge test -->
